# JRE version: OpenJDK Runtime Environment (8.0_191-b12) (build 1.8.0_191-8u191-b12-2ubuntu0.18.04.1-b12)
# Java VM: OpenJDK 64-Bit Server VM (25.191-b12 mixed mode linux-amd64 compressed oops)
Heap:
 PSYoungGen      total 292352K, used 185478K [0x000000076cd00000, 0x0000000780180000, 0x00000007c0000000)
  eden space 278528K, 61% used [0x000000076cd00000,0x00000007774a3aa8,0x000000077dd00000)
  from space 13824K, 99% used [0x000000077f200000,0x000000077ff7e0e0,0x000000077ff80000)
  to   space 2048K, 0% used [0x000000077ff80000,0x000000077ff80000,0x0000000780180000)
 ParOldGen       total 145920K, used 20179K [0x00000006c6600000, 0x00000006cf480000, 0x000000076cd00000)
  object space 145920K, 13% used [0x00000006c6600000,0x00000006c79b4c18,0x00000006cf480000)
 Metaspace       used 50514K, capacity 51868K, committed 52096K, reserved 1095680K
  class space    used 6385K, capacity 6681K, committed 6784K, reserved 1048576K
GC Heap History (10 events):
Event: 4,493 GC heap before
{Heap before GC invocations=7 (full 1):
 PSYoungGen      total 139264K, used 132615K [0x000000076cd00000, 0x000000077a600000, 0x00000007c0000000)
  eden space 129024K, 96% used [0x000000076cd00000,0x0000000774665108,0x0000000774b00000)
  from space 10240K, 81% used [0x0000000774b00000,0x000000077531cd18,0x0000000775500000)
  to   space 8704K, 0% used [0x0000000779d80000,0x0000000779d80000,0x000000077a600000)
 ParOldGen       total 95232K, used 5432K [0x00000006c6600000, 0x00000006cc300000, 0x000000076cd00000)
  object space 95232K, 5% used [0x00000006c6600000,0x00000006c6b4e228,0x00000006cc300000)
 Metaspace       used 34750K, capacity 35186K, committed 35456K, reserved 1079296K
  class space    used 4514K, capacity 4633K, committed 4736K, reserved 1048576K
Event: 4,510 GC heap after
Heap after GC invocations=7 (full 1):
 PSYoungGen      total 211968K, used 8683K [0x000000076cd00000, 0x000000077a780000, 0x00000007c0000000)
  eden space 203264K, 0% used [0x000000076cd00000,0x000000076cd00000,0x0000000779380000)
  from space 8704K, 99% used [0x0000000779d80000,0x000000077a5facf8,0x000000077a600000)
  to   space 10240K, 0% used [0x0000000779380000,0x0000000779380000,0x0000000779d80000)
 ParOldGen       total 95232K, used 6210K [0x00000006c6600000, 0x00000006cc300000, 0x000000076cd00000)
  object space 95232K, 6% used [0x00000006c6600000,0x00000006c6c108d0,0x00000006cc300000)
 Metaspace       used 34750K, capacity 35186K, committed 35456K, reserved 1079296K
  class space    used 4514K, capacity 4633K, committed 4736K, reserved 1048576K
}
Event: 4,510 GC heap before
{Heap before GC invocations=8 (full 2):
 PSYoungGen      total 211968K, used 8683K [0x000000076cd00000, 0x000000077a780000, 0x00000007c0000000)
  eden space 203264K, 0% used [0x000000076cd00000,0x000000076cd00000,0x0000000779380000)
  from space 8704K, 99% used [0x0000000779d80000,0x000000077a5facf8,0x000000077a600000)
  to   space 10240K, 0% used [0x0000000779380000,0x0000000779380000,0x0000000779d80000)
 ParOldGen       total 95232K, used 6210K [0x00000006c6600000, 0x00000006cc300000, 0x000000076cd00000)
  object space 95232K, 6% used [0x00000006c6600000,0x00000006c6c108d0,0x00000006cc300000)
 Metaspace       used 34750K, capacity 35186K, committed 35456K, reserved 1079296K
  class space    used 4514K, capacity 4633K, committed 4736K, reserved 1048576K
Event: 4,560 GC heap after
Heap after GC invocations=8 (full 2):
 PSYoungGen      total 211968K, used 0K [0x000000076cd00000, 0x000000077a780000, 0x00000007c0000000)
  eden space 203264K, 0% used [0x000000076cd00000,0x000000076cd00000,0x0000000779380000)
  from space 8704K, 0% used [0x0000000779d80000,0x0000000779d80000,0x000000077a600000)
  to   space 10240K, 0% used [0x0000000779380000,0x0000000779380000,0x0000000779d80000)
 ParOldGen       total 145920K, used 13156K [0x00000006c6600000, 0x00000006cf480000, 0x000000076cd00000)
  object space 145920K, 9% used [0x00000006c6600000,0x00000006c72d93d0,0x00000006cf480000)
 Metaspace       used 34750K, capacity 35186K, committed 35456K, reserved 1079296K
  class space    used 4514K, capacity 4633K, committed 4736K, reserved 1048576K
}
Event: 6,461 GC heap before
{Heap before GC invocations=9 (full 2):
 PSYoungGen      total 211968K, used 203264K [0x000000076cd00000, 0x000000077a780000, 0x00000007c0000000)
  eden space 203264K, 100% used [0x000000076cd00000,0x0000000779380000,0x0000000779380000)
  from space 8704K, 0% used [0x0000000779d80000,0x0000000779d80000,0x000000077a600000)
  to   space 10240K, 0% used [0x0000000779380000,0x0000000779380000,0x0000000779d80000)
 ParOldGen       total 145920K, used 13156K [0x00000006c6600000, 0x00000006cf480000, 0x000000076cd00000)
  object space 145920K, 9% used [0x00000006c6600000,0x00000006c72d93d0,0x00000006cf480000)
 Metaspace       used 44115K, capacity 45140K, committed 45312K, reserved 1089536K
  class space    used 5806K, capacity 6040K, committed 6144K, reserved 1048576K
Event: 6,475 GC heap after
Heap after GC invocations=9 (full 2):
 PSYoungGen      total 213504K, used 10231K [0x000000076cd00000, 0x0000000780d80000, 0x00000007c0000000)
  eden space 203264K, 0% used [0x000000076cd00000,0x000000076cd00000,0x0000000779380000)
  from space 10240K, 99% used [0x0000000779380000,0x0000000779d7dca8,0x0000000779d80000)
  to   space 12800K, 0% used [0x0000000780100000,0x0000000780100000,0x0000000780d80000)
 ParOldGen       total 145920K, used 15283K [0x00000006c6600000, 0x00000006cf480000, 0x000000076cd00000)
  object space 145920K, 10% used [0x00000006c6600000,0x00000006c74ecc18,0x00000006cf480000)
 Metaspace       used 44115K, capacity 45140K, committed 45312K, reserved 1089536K
  class space    used 5806K, capacity 6040K, committed 6144K, reserved 1048576K
}
Event: 125,130 GC heap before
{Heap before GC invocations=10 (full 2):
 PSYoungGen      total 213504K, used 213495K [0x000000076cd00000, 0x0000000780d80000, 0x00000007c0000000)
  eden space 203264K, 100% used [0x000000076cd00000,0x0000000779380000,0x0000000779380000)
  from space 10240K, 99% used [0x0000000779380000,0x0000000779d7dca8,0x0000000779d80000)
  to   space 12800K, 0% used [0x0000000780100000,0x0000000780100000,0x0000000780d80000)
 ParOldGen       total 145920K, used 15283K [0x00000006c6600000, 0x00000006cf480000, 0x000000076cd00000)
  object space 145920K, 10% used [0x00000006c6600000,0x00000006c74ecc18,0x00000006cf480000)
 Metaspace       used 48038K, capacity 49120K, committed 49152K, reserved 1091584K
  class space    used 6186K, capacity 6398K, committed 6400K, reserved 1048576K
Event: 125,144 GC heap after
Heap after GC invocations=10 (full 2):
 PSYoungGen      total 300544K, used 11831K [0x000000076cd00000, 0x0000000780d00000, 0x00000007c0000000)
  eden space 288256K, 0% used [0x000000076cd00000,0x000000076cd00000,0x000000077e680000)
  from space 12288K, 96% used [0x0000000780100000,0x0000000780c8df70,0x0000000780d00000)
  to   space 13824K, 0% used [0x000000077f200000,0x000000077f200000,0x000000077ff80000)
 ParOldGen       total 145920K, used 15291K [0x00000006c6600000, 0x00000006cf480000, 0x000000076cd00000)
  object space 145920K, 10% used [0x00000006c6600000,0x00000006c74eec18,0x00000006cf480000)
 Metaspace       used 48038K, capacity 49120K, committed 49152K, reserved 1091584K
  class space    used 6186K, capacity 6398K, committed 6400K, reserved 1048576K
}
Event: 694,292 GC heap before
{Heap before GC invocations=11 (full 2):
 PSYoungGen      total 300544K, used 300087K [0x000000076cd00000, 0x0000000780d00000, 0x00000007c0000000)
  eden space 288256K, 100% used [0x000000076cd00000,0x000000077e680000,0x000000077e680000)
  from space 12288K, 96% used [0x0000000780100000,0x0000000780c8df70,0x0000000780d00000)
  to   space 13824K, 0% used [0x000000077f200000,0x000000077f200000,0x000000077ff80000)
 ParOldGen       total 145920K, used 15291K [0x00000006c6600000, 0x00000006cf480000, 0x000000076cd00000)
  object space 145920K, 10% used [0x00000006c6600000,0x00000006c74eec18,0x00000006cf480000)
 Metaspace       used 50397K, capacity 51702K, committed 51840K, reserved 1093632K
  class space    used 6376K, capacity 6674K, committed 6784K, reserved 1048576K
Event: 694,313 GC heap after
Heap after GC invocations=11 (full 2):
 PSYoungGen      total 292352K, used 13816K [0x000000076cd00000, 0x0000000780180000, 0x00000007c0000000)
  eden space 278528K, 0% used [0x000000076cd00000,0x000000076cd00000,0x000000077dd00000)
  from space 13824K, 99% used [0x000000077f200000,0x000000077ff7e0e0,0x000000077ff80000)
  to   space 2048K, 0% used [0x000000077ff80000,0x000000077ff80000,0x0000000780180000)
 ParOldGen       total 145920K, used 20179K [0x00000006c6600000, 0x00000006cf480000, 0x000000076cd00000)
  object space 145920K, 13% used [0x00000006c6600000,0x00000006c79b4c18,0x00000006cf480000)
 Metaspace       used 50397K, capacity 51702K, committed 51840K, reserved 1093632K
  class space    used 6376K, capacity 6674K, committed 6784K, reserved 1048576K
}

